N E X T F L O W  ~  version 23.04.1
Launching `main.nf` [marvelous_sanger] DSL2 - revision: a6ba2784b3
[-        ] process > manifest_to_raw_fqs:get_fastqs [  0%] 0 of 1
[-        ] process > procd_fqs_to_optitype_calls... -
[-        ] process > procd_fqs_to_optitype_calls... -
[-        ] process > procd_fqs_to_optitype_calls... -

executor >  local (1)
[c0/f731a4] process > manifest_to_raw_fqs:get_fas... [100%] 1 of 1 ✔
[-        ] process > procd_fqs_to_optitype_calls... -
[-        ] process > procd_fqs_to_optitype_calls... -
[-        ] process > procd_fqs_to_optitype_calls... -
Pulling Singularity image docker://zlskidmore/optitype:1.3.4 [cache /define/home/kryan/singularity_cache/zlskidmore-optitype-1.3.4.img]

executor >  local (1)
[c0/f731a4] process > manifest_to_raw_fqs:get_fas... [100%] 1 of 1 ✔
[-        ] process > procd_fqs_to_optitype_calls... -
[-        ] process > procd_fqs_to_optitype_calls... -
[-        ] process > procd_fqs_to_optitype_calls... -
Pulling Singularity image docker://zlskidmore/optitype:1.3.4 [cache /define/home/kryan/singularity_cache/zlskidmore-optitype-1.3.4.img]
ERROR ~ Error executing process > 'procd_fqs_to_optitype_calls:optitype:optitype_razers3 (1)'

Caused by:
  Failed to pull singularity image
  command: singularity pull  --name zlskidmore-optitype-1.3.4.img.pulling.1687190339737 docker://zlskidmore/optitype:1.3.4 > /dev/null
  status : 255
  message:
    [33mWARNING: Could not lookup the current user's information: user: unknown userid 2010
    FATAL:   Couldn't determine user account information: user: unknown userid 2010



 -- Check '.nextflow.log' file for details

executor >  local (1)
[c0/f731a4] process > manifest_to_raw_fqs:get_fas... [100%] 1 of 1 ✔
[-        ] process > procd_fqs_to_optitype_calls... -
[-        ] process > procd_fqs_to_optitype_calls... -
[-        ] process > procd_fqs_to_optitype_calls... -
Pulling Singularity image docker://zlskidmore/optitype:1.3.4 [cache /define/home/kryan/singularity_cache/zlskidmore-optitype-1.3.4.img]
ERROR ~ Error executing process > 'procd_fqs_to_optitype_calls:optitype:optitype_razers3 (1)'

Caused by:
  Failed to pull singularity image
  command: singularity pull  --name zlskidmore-optitype-1.3.4.img.pulling.1687190339737 docker://zlskidmore/optitype:1.3.4 > /dev/null
  status : 255
  message:
    [33mWARNING: Could not lookup the current user's information: user: unknown userid 2010
    FATAL:   Couldn't determine user account information: user: unknown userid 2010



 -- Check '.nextflow.log' file for details

Elapsed time: 0 days 00 hr 00 min 06 sec
