N E X T F L O W  ~  version 23.04.1
Launching `main.nf` [nasty_goldstine] DSL2 - revision: a6ba2784b3
[-        ] process > manifest_to_raw_fqs:get_fastqs [  0%] 0 of 1
[-        ] process > procd_fqs_to_optitype_calls... -
[-        ] process > procd_fqs_to_optitype_calls... -
[-        ] process > procd_fqs_to_optitype_calls... -

executor >  local (1)
[61/74e113] process > manifest_to_raw_fqs:get_fas... [100%] 1 of 1 ✔
[-        ] process > procd_fqs_to_optitype_calls... -
[-        ] process > procd_fqs_to_optitype_calls... -
[-        ] process > procd_fqs_to_optitype_calls... -
Pulling Singularity image docker://zlskidmore/optitype:1.3.4 [cache /define/home/kryan/misc/useful/lens/nf_optitype/work/singularity/zlskidmore-optitype-1.3.4.img]
WARN: Singularity cache directory has not been defined -- Remote image will be stored in the path: /define/home/kryan/misc/useful/lens/nf_optitype/work/singularity -- Use the environment variable NXF_SINGULARITY_CACHEDIR to specify a different location

executor >  local (1)
[61/74e113] process > manifest_to_raw_fqs:get_fas... [100%] 1 of 1 ✔
[-        ] process > procd_fqs_to_optitype_calls... -
[-        ] process > procd_fqs_to_optitype_calls... -
[-        ] process > procd_fqs_to_optitype_calls... -
Pulling Singularity image docker://zlskidmore/optitype:1.3.4 [cache /define/home/kryan/misc/useful/lens/nf_optitype/work/singularity/zlskidmore-optitype-1.3.4.img]
WARN: Singularity cache directory has not been defined -- Remote image will be stored in the path: /define/home/kryan/misc/useful/lens/nf_optitype/work/singularity -- Use the environment variable NXF_SINGULARITY_CACHEDIR to specify a different location
ERROR ~ Error executing process > 'procd_fqs_to_optitype_calls:optitype:optitype_razers3 (1)'

Caused by:
  Failed to pull singularity image
  command: singularity pull  --name zlskidmore-optitype-1.3.4.img.pulling.1687187093130 docker://zlskidmore/optitype:1.3.4 > /dev/null
  status : 255
  message:
    [33mWARNING: Could not lookup the current user's information: user: unknown userid 2010
    FATAL:   Couldn't determine user account information: user: unknown userid 2010



 -- Check '.nextflow.log' file for details

executor >  local (1)
[61/74e113] process > manifest_to_raw_fqs:get_fas... [100%] 1 of 1 ✔
[-        ] process > procd_fqs_to_optitype_calls... -
[-        ] process > procd_fqs_to_optitype_calls... -
[-        ] process > procd_fqs_to_optitype_calls... -
Pulling Singularity image docker://zlskidmore/optitype:1.3.4 [cache /define/home/kryan/misc/useful/lens/nf_optitype/work/singularity/zlskidmore-optitype-1.3.4.img]
WARN: Singularity cache directory has not been defined -- Remote image will be stored in the path: /define/home/kryan/misc/useful/lens/nf_optitype/work/singularity -- Use the environment variable NXF_SINGULARITY_CACHEDIR to specify a different location
ERROR ~ Error executing process > 'procd_fqs_to_optitype_calls:optitype:optitype_razers3 (1)'

Caused by:
  Failed to pull singularity image
  command: singularity pull  --name zlskidmore-optitype-1.3.4.img.pulling.1687187093130 docker://zlskidmore/optitype:1.3.4 > /dev/null
  status : 255
  message:
    [33mWARNING: Could not lookup the current user's information: user: unknown userid 2010
    FATAL:   Couldn't determine user account information: user: unknown userid 2010



 -- Check '.nextflow.log' file for details

Elapsed time: 0 days 00 hr 00 min 05 sec
